

*******************************************************************************
Thu Dec 15 15:07:58 2016


FIT:    data read from "profiles.a1.00231.0.sample.newf_11.dat" u 1:2
        format = x:z
        #datapoints = 499
        residuals are weighted equally (unit weight)

function used for fitting: f(x)
	f(x) = c*rs*rs*rs*(log((rs+x)/rs)-x/(rs+x))
fitted parameters initialized with current variable values

iter      chisq       delta/lim  lambda   c             rs           
   0 2.9854153581e+14   0.00e+00  1.60e+06    5.498450e-01   9.841003e+01
 816 1.7296382059e+10  -1.26e-06  1.60e+02    2.490869e-05   4.325161e+03

After 816 iterations the fit converged.
final sum of squares of residuals : 1.72964e+10
rel. change during last iteration : -1.26335e-11

degrees of freedom    (FIT_NDF)                        : 497
rms of residuals      (FIT_STDFIT) = sqrt(WSSR/ndf)    : 5899.29
variance of residuals (reduced chisquare) = WSSR/ndf   : 3.48016e+07

Final set of parameters            Asymptotic Standard Error
=======================            ==========================
c               = 2.49087e-05      +/- 2.745e-06    (11.02%)
rs              = 4325.16          +/- 350.6        (8.106%)

correlation matrix of the fit parameters:
                c      rs     
c               1.000 
rs             -0.999  1.000 


*******************************************************************************
Thu Dec 15 15:15:24 2016


FIT:    data read from "profiles.a1.00231.0.sample.newf_11.dat" u 1:2
        format = x:z
        #datapoints = 499
        residuals are weighted equally (unit weight)

function used for fitting: f(x)
	f(x) = c*rs*rs*rs*(log((rs+x)/rs)-x/(rs+x))
fitted parameters initialized with current variable values

iter      chisq       delta/lim  lambda   c             rs           
   0 1.7296382059e+10   0.00e+00  7.97e+04    2.490869e-05   4.325161e+03
   1 1.7296382059e+10  -1.70e-09  7.97e+06    2.490869e-05   4.325161e+03

After 1 iterations the fit converged.
final sum of squares of residuals : 1.72964e+10
rel. change during last iteration : -1.69823e-14

degrees of freedom    (FIT_NDF)                        : 497
rms of residuals      (FIT_STDFIT) = sqrt(WSSR/ndf)    : 5899.29
variance of residuals (reduced chisquare) = WSSR/ndf   : 3.48016e+07

Final set of parameters            Asymptotic Standard Error
=======================            ==========================
c               = 2.49087e-05      +/- 2.745e-06    (11.02%)
rs              = 4325.16          +/- 350.6        (8.106%)

correlation matrix of the fit parameters:
                c      rs     
c               1.000 
rs             -0.999  1.000 


*******************************************************************************
Thu Dec 15 15:19:27 2016


FIT:    data read from "profiles.a1.00231.0.sample.newf_10.dat" u 1:2
        format = x:z
        #datapoints = 451
        residuals are weighted equally (unit weight)

function used for fitting: f(x)
	f(x) = c*rs*rs*rs*(log((rs+x)/rs)-x/(rs+x))
fitted parameters initialized with current variable values

iter      chisq       delta/lim  lambda   c             rs           
   0 1.5741629948e+15   0.00e+00  4.71e+04    2.490869e-05   4.325161e+03
 561 8.9143877636e+11  -8.07e-02  4.71e-02    1.153009e-01   3.046760e+02

After 561 iterations the fit converged.
final sum of squares of residuals : 8.91439e+11
rel. change during last iteration : -8.07148e-07

degrees of freedom    (FIT_NDF)                        : 449
rms of residuals      (FIT_STDFIT) = sqrt(WSSR/ndf)    : 44557.7
variance of residuals (reduced chisquare) = WSSR/ndf   : 1.98539e+09

Final set of parameters            Asymptotic Standard Error
=======================            ==========================
c               = 0.115301         +/- 0.00234      (2.029%)
rs              = 304.676          +/- 2.844        (0.9335%)

correlation matrix of the fit parameters:
                c      rs     
c               1.000 
rs             -0.999  1.000 


*******************************************************************************
Thu Dec 15 15:19:31 2016


FIT:    data read from "profiles.a1.00231.0.sample.newf_10.dat" u 1:2
        format = x:z
        #datapoints = 451
        residuals are weighted equally (unit weight)

function used for fitting: f(x)
	f(x) = c*rs*rs*rs*(log((rs+x)/rs)-x/(rs+x))
fitted parameters initialized with current variable values

iter      chisq       delta/lim  lambda   c             rs           
   0 8.9143877636e+11   0.00e+00  3.23e+06    1.153009e-01   3.046760e+02
   1 8.9143877513e+11  -1.38e-04  3.23e+05    1.153011e-01   3.046757e+02

After 1 iterations the fit converged.
final sum of squares of residuals : 8.91439e+11
rel. change during last iteration : -1.37802e-09

degrees of freedom    (FIT_NDF)                        : 449
rms of residuals      (FIT_STDFIT) = sqrt(WSSR/ndf)    : 44557.7
variance of residuals (reduced chisquare) = WSSR/ndf   : 1.98539e+09

Final set of parameters            Asymptotic Standard Error
=======================            ==========================
c               = 0.115301         +/- 0.00234      (2.029%)
rs              = 304.676          +/- 2.844        (0.9335%)

correlation matrix of the fit parameters:
                c      rs     
c               1.000 
rs             -0.999  1.000 


*******************************************************************************
Thu Dec 15 15:25:50 2016


FIT:    data read from "profiles.a1.00231.0.sample.newf_10.dat" u 1:2
        format = x:z
        #datapoints = 451
        residuals are weighted equally (unit weight)

function used for fitting: f(x)
	f(x) = c*rs*rs*rs*(log((rs+x)/rs)-x/(rs+x))
fitted parameters initialized with current variable values

iter      chisq       delta/lim  lambda   c             rs           
   0 8.9143877513e+11   0.00e+00  3.23e+06    1.153011e-01   3.046757e+02
   1 8.9143877427e+11  -9.60e-05  3.23e+05    1.153013e-01   3.046755e+02

After 1 iterations the fit converged.
final sum of squares of residuals : 8.91439e+11
rel. change during last iteration : -9.59751e-10

degrees of freedom    (FIT_NDF)                        : 449
rms of residuals      (FIT_STDFIT) = sqrt(WSSR/ndf)    : 44557.7
variance of residuals (reduced chisquare) = WSSR/ndf   : 1.98539e+09

Final set of parameters            Asymptotic Standard Error
=======================            ==========================
c               = 0.115301         +/- 0.00234      (2.029%)
rs              = 304.676          +/- 2.844        (0.9335%)

correlation matrix of the fit parameters:
                c      rs     
c               1.000 
rs             -0.999  1.000 


*******************************************************************************
Fri Dec 16 15:01:00 2016


FIT:    data read from "profiles.a1.00231.0.sample.newf_0.dat" u 1:2
        format = x:z
        #datapoints = 23
        residuals are weighted equally (unit weight)

function used for fitting: f(x)
	f(x) = c*rs*rs*rs*(log((rs+x)/rs)-x/(rs+x))
fitted parameters initialized with current variable values

iter      chisq       delta/lim  lambda   c             rs           
   0 4.2197683334e+10   0.00e+00  4.96e+04    1.153013e-01   3.046755e+02
 148 9.9953884607e+02  -3.79e-06  4.96e+00    1.006674e+00   7.369187e+00

After 148 iterations the fit converged.
final sum of squares of residuals : 999.539
rel. change during last iteration : -3.79062e-11

degrees of freedom    (FIT_NDF)                        : 21
rms of residuals      (FIT_STDFIT) = sqrt(WSSR/ndf)    : 6.89906
variance of residuals (reduced chisquare) = WSSR/ndf   : 47.5971

Final set of parameters            Asymptotic Standard Error
=======================            ==========================
c               = 1.00667          +/- 0.06713      (6.668%)
rs              = 7.36919          +/- 0.2065       (2.803%)

correlation matrix of the fit parameters:
                c      rs     
c               1.000 
rs             -0.999  1.000 


*******************************************************************************
Fri Dec 16 15:03:00 2016


FIT:    data read from "profiles.a1.00231.0.sample.newf_1.dat" u 1:2
        format = x:z
        #datapoints = 15
        residuals are weighted equally (unit weight)

function used for fitting: f(x)
	f(x) = c*rs*rs*rs*(log((rs+x)/rs)-x/(rs+x))
fitted parameters initialized with current variable values

iter      chisq       delta/lim  lambda   c             rs           
   0 4.4786295183e+05   0.00e+00  7.32e+02    1.006674e+00   7.369187e+00
 221 2.2616939707e+02  -2.14e-01  7.32e-03    2.034791e-01   1.155041e+01

After 221 iterations the fit converged.
final sum of squares of residuals : 226.169
rel. change during last iteration : -2.13929e-06

degrees of freedom    (FIT_NDF)                        : 13
rms of residuals      (FIT_STDFIT) = sqrt(WSSR/ndf)    : 4.17105
variance of residuals (reduced chisquare) = WSSR/ndf   : 17.3976

Final set of parameters            Asymptotic Standard Error
=======================            ==========================
c               = 0.203479         +/- 0.01719      (8.447%)
rs              = 11.5504          +/- 0.4302       (3.725%)

correlation matrix of the fit parameters:
                c      rs     
c               1.000 
rs             -0.998  1.000 


*******************************************************************************
Fri Dec 16 15:03:33 2016


FIT:    data read from "profiles.a1.00231.0.sample.newf_2.dat" u 1:2
        format = x:z
        #datapoints = 6
        residuals are weighted equally (unit weight)

function used for fitting: f(x)
	f(x) = c*rs*rs*rs*(log((rs+x)/rs)-x/(rs+x))
fitted parameters initialized with current variable values

iter      chisq       delta/lim  lambda   c             rs           
   0 1.3479595737e+04   0.00e+00  3.54e+02    2.034791e-01   1.155041e+01
 174 3.1335171550e+02  -5.72e-02  3.54e-04    1.479794e+00   4.505924e+00

After 174 iterations the fit converged.
final sum of squares of residuals : 313.352
rel. change during last iteration : -5.72351e-07

degrees of freedom    (FIT_NDF)                        : 4
rms of residuals      (FIT_STDFIT) = sqrt(WSSR/ndf)    : 8.85087
variance of residuals (reduced chisquare) = WSSR/ndf   : 78.3379

Final set of parameters            Asymptotic Standard Error
=======================            ==========================
c               = 1.47979          +/- 0.7089       (47.9%)
rs              = 4.50592          +/- 0.8785       (19.5%)

correlation matrix of the fit parameters:
                c      rs     
c               1.000 
rs             -0.999  1.000 


*******************************************************************************
Fri Dec 16 15:06:23 2016


FIT:    data read from "profiles.a1.00231.0.sample.newf_3.dat" u 1:2
        format = x:z
        #datapoints = 4
        residuals are weighted equally (unit weight)

function used for fitting: f(x)
	f(x) = c*rs*rs*rs*(log((rs+x)/rs)-x/(rs+x))
fitted parameters initialized with current variable values

iter      chisq       delta/lim  lambda   c             rs           
   0 2.6496916764e+04   0.00e+00  3.89e+02    1.479794e+00   4.505924e+00
  50 1.0674242496e+02  -9.43e-05  3.89e+00    2.660130e+00   2.935973e+00

After 50 iterations the fit converged.
final sum of squares of residuals : 106.742
rel. change during last iteration : -9.43208e-10

degrees of freedom    (FIT_NDF)                        : 2
rms of residuals      (FIT_STDFIT) = sqrt(WSSR/ndf)    : 7.30556
variance of residuals (reduced chisquare) = WSSR/ndf   : 53.3712

Final set of parameters            Asymptotic Standard Error
=======================            ==========================
c               = 2.66013          +/- 1.89         (71.05%)
rs              = 2.93597          +/- 0.8015       (27.3%)

correlation matrix of the fit parameters:
                c      rs     
c               1.000 
rs             -0.999  1.000 


*******************************************************************************
Fri Dec 16 15:17:55 2016


FIT:    data read from "profiles.a1.00231.0.sample.newf_0.dat" u 1:2
        format = x:z
        #datapoints = 22
        residuals are weighted equally (unit weight)

function used for fitting: f(x)
	f(x) = c*rs*rs*rs*(log((rs+x)/rs)-x/(rs+x))
fitted parameters initialized with current variable values

iter      chisq       delta/lim  lambda   c             rs           
   0 1.6674318750e+06   0.00e+00  2.03e+02    2.660130e+00   2.935973e+00
   7 8.5253300725e+02  -4.23e-04  2.03e+01    9.638905e-01   7.513755e+00

After 7 iterations the fit converged.
final sum of squares of residuals : 852.533
rel. change during last iteration : -4.23227e-09

degrees of freedom    (FIT_NDF)                        : 20
rms of residuals      (FIT_STDFIT) = sqrt(WSSR/ndf)    : 6.52891
variance of residuals (reduced chisquare) = WSSR/ndf   : 42.6267

Final set of parameters            Asymptotic Standard Error
=======================            ==========================
c               = 0.963891         +/- 0.06461      (6.703%)
rs              = 7.51375          +/- 0.2137       (2.844%)

correlation matrix of the fit parameters:
                c      rs     
c               1.000 
rs             -0.999  1.000 


*******************************************************************************
Fri Dec 16 15:18:14 2016


FIT:    data read from "profiles.a1.00231.0.sample.newf_1.dat" u 1:2
        format = x:z
        #datapoints = 14
        residuals are weighted equally (unit weight)

function used for fitting: f(x)
	f(x) = c*rs*rs*rs*(log((rs+x)/rs)-x/(rs+x))
fitted parameters initialized with current variable values

iter      chisq       delta/lim  lambda   c             rs           
   0 3.8472978976e+05   0.00e+00  6.83e+02    9.638905e-01   7.513755e+00
   9 2.2503189406e+02  -5.42e-03  6.83e-03    2.055489e-01   1.149558e+01

After 9 iterations the fit converged.
final sum of squares of residuals : 225.032
rel. change during last iteration : -5.41665e-08

degrees of freedom    (FIT_NDF)                        : 12
rms of residuals      (FIT_STDFIT) = sqrt(WSSR/ndf)    : 4.33043
variance of residuals (reduced chisquare) = WSSR/ndf   : 18.7527

Final set of parameters            Asymptotic Standard Error
=======================            ==========================
c               = 0.205549         +/- 0.01993      (9.695%)
rs              = 11.4956          +/- 0.4971       (4.324%)

correlation matrix of the fit parameters:
                c      rs     
c               1.000 
rs             -0.998  1.000 


*******************************************************************************
Fri Dec 16 15:18:36 2016


FIT:    data read from "profiles.a1.00231.0.sample.newf_2.dat" u 1:2
        format = x:z
        #datapoints = 5
        residuals are weighted equally (unit weight)

function used for fitting: f(x)
	f(x) = c*rs*rs*rs*(log((rs+x)/rs)-x/(rs+x))
fitted parameters initialized with current variable values

iter      chisq       delta/lim  lambda   c             rs           
   0 6.3567083892e+03   0.00e+00  2.68e+02    2.055489e-01   1.149558e+01
 213 7.3699088238e+01  -5.21e-02  2.68e-04    2.700456e+00   3.474811e+00

After 213 iterations the fit converged.
final sum of squares of residuals : 73.6991
rel. change during last iteration : -5.21308e-07

degrees of freedom    (FIT_NDF)                        : 3
rms of residuals      (FIT_STDFIT) = sqrt(WSSR/ndf)    : 4.95645
variance of residuals (reduced chisquare) = WSSR/ndf   : 24.5664

Final set of parameters            Asymptotic Standard Error
=======================            ==========================
c               = 2.70046          +/- 0.9457       (35.02%)
rs              = 3.47481          +/- 0.497        (14.3%)

correlation matrix of the fit parameters:
                c      rs     
c               1.000 
rs             -0.999  1.000 


*******************************************************************************
Fri Dec 16 15:18:48 2016


FIT:    data read from "profiles.a1.00231.0.sample.newf_3.dat" u 1:2
        format = x:z
        #datapoints = 5
        residuals are weighted equally (unit weight)

function used for fitting: f(x)
	f(x) = c*rs*rs*rs*(log((rs+x)/rs)-x/(rs+x))
fitted parameters initialized with current variable values

iter      chisq       delta/lim  lambda   c             rs           
   0 1.1662886745e+05   0.00e+00  2.82e+02    2.700456e+00   3.474811e+00
   6 4.3855379455e+02  -1.06e-02  2.82e-03    2.133295e+00   5.097717e+00

After 6 iterations the fit converged.
final sum of squares of residuals : 438.554
rel. change during last iteration : -1.05911e-07

degrees of freedom    (FIT_NDF)                        : 3
rms of residuals      (FIT_STDFIT) = sqrt(WSSR/ndf)    : 12.0907
variance of residuals (reduced chisquare) = WSSR/ndf   : 146.185

Final set of parameters            Asymptotic Standard Error
=======================            ==========================
c               = 2.1333           +/- 0.7295       (34.2%)
rs              = 5.09772          +/- 0.7199       (14.12%)

correlation matrix of the fit parameters:
                c      rs     
c               1.000 
rs             -0.999  1.000 


*******************************************************************************
Fri Dec 16 15:18:58 2016


FIT:    data read from "profiles.a1.00231.0.sample.newf_4.dat" u 1:2
        format = x:z
        #datapoints = 15
        residuals are weighted equally (unit weight)

function used for fitting: f(x)
	f(x) = c*rs*rs*rs*(log((rs+x)/rs)-x/(rs+x))
fitted parameters initialized with current variable values

iter      chisq       delta/lim  lambda   c             rs           
   0 1.3907142512e+07   0.00e+00  8.43e+02    2.133295e+00   5.097717e+00
  34 4.0695278245e+03  -9.09e-01  8.43e-02    6.749854e-01   1.314270e+01

After 34 iterations the fit converged.
final sum of squares of residuals : 4069.53
rel. change during last iteration : -9.08858e-06

degrees of freedom    (FIT_NDF)                        : 13
rms of residuals      (FIT_STDFIT) = sqrt(WSSR/ndf)    : 17.693
variance of residuals (reduced chisquare) = WSSR/ndf   : 313.041

Final set of parameters            Asymptotic Standard Error
=======================            ==========================
c               = 0.674985         +/- 0.04135      (6.126%)
rs              = 13.1427          +/- 0.3424       (2.605%)

correlation matrix of the fit parameters:
                c      rs     
c               1.000 
rs             -0.999  1.000 


*******************************************************************************
Fri Dec 16 15:19:07 2016


FIT:    data read from "profiles.a1.00231.0.sample.newf_5.dat" u 1:2
        format = x:z
        #datapoints = 450
        residuals are weighted equally (unit weight)

function used for fitting: f(x)
	f(x) = c*rs*rs*rs*(log((rs+x)/rs)-x/(rs+x))
fitted parameters initialized with current variable values

iter      chisq       delta/lim  lambda   c             rs           
   0 1.6226919617e+15   0.00e+00  9.19e+03    6.749854e-01   1.314270e+01
 341 8.9035778201e+11  -2.66e-04  9.19e+04    1.154563e-01   3.044776e+02

After 341 iterations the fit converged.
final sum of squares of residuals : 8.90358e+11
rel. change during last iteration : -2.65675e-09

degrees of freedom    (FIT_NDF)                        : 448
rms of residuals      (FIT_STDFIT) = sqrt(WSSR/ndf)    : 44580.3
variance of residuals (reduced chisquare) = WSSR/ndf   : 1.98741e+09

Final set of parameters            Asymptotic Standard Error
=======================            ==========================
c               = 0.115456         +/- 0.002352     (2.037%)
rs              = 304.478          +/- 2.854        (0.9374%)

correlation matrix of the fit parameters:
                c      rs     
c               1.000 
rs             -0.999  1.000 


*******************************************************************************
Fri Dec 16 15:31:45 2016


FIT:    data read from "profiles.a1.00231.0.sample.newf_4.dat" u 1:2
        format = x:z
        #datapoints = 15
        residuals are weighted equally (unit weight)

function used for fitting: f(x)
	f(x) = c*rs*rs*rs*(log((rs+x)/rs)-x/(rs+x))
fitted parameters initialized with current variable values

iter      chisq       delta/lim  lambda   c             rs           
   0 1.1665717862e+11   0.00e+00  1.08e+05    1.154563e-01   3.044776e+02
 122 4.0695278282e+03  -2.33e-01  1.08e-02    6.749842e-01   1.314271e+01

After 122 iterations the fit converged.
final sum of squares of residuals : 4069.53
rel. change during last iteration : -2.33258e-06

degrees of freedom    (FIT_NDF)                        : 13
rms of residuals      (FIT_STDFIT) = sqrt(WSSR/ndf)    : 17.693
variance of residuals (reduced chisquare) = WSSR/ndf   : 313.041

Final set of parameters            Asymptotic Standard Error
=======================            ==========================
c               = 0.674984         +/- 0.04135      (6.126%)
rs              = 13.1427          +/- 0.3424       (2.605%)

correlation matrix of the fit parameters:
                c      rs     
c               1.000 
rs             -0.999  1.000 


*******************************************************************************
Fri Dec 16 15:31:58 2016


FIT:    data read from "profiles.a1.00231.0.sample.newf_2.dat" u 1:2
        format = x:z
        #datapoints = 5
        residuals are weighted equally (unit weight)

function used for fitting: f(x)
	f(x) = c*rs*rs*rs*(log((rs+x)/rs)-x/(rs+x))
fitted parameters initialized with current variable values

iter      chisq       delta/lim  lambda   c             rs           
   0 1.5996801817e+06   0.00e+00  1.16e+03    6.749842e-01   1.314271e+01
 135 7.3699088249e+01  -4.49e-01  1.16e-03    2.700453e+00   3.474813e+00

After 135 iterations the fit converged.
final sum of squares of residuals : 73.6991
rel. change during last iteration : -4.48995e-06

degrees of freedom    (FIT_NDF)                        : 3
rms of residuals      (FIT_STDFIT) = sqrt(WSSR/ndf)    : 4.95645
variance of residuals (reduced chisquare) = WSSR/ndf   : 24.5664

Final set of parameters            Asymptotic Standard Error
=======================            ==========================
c               = 2.70045          +/- 0.9457       (35.02%)
rs              = 3.47481          +/- 0.497        (14.3%)

correlation matrix of the fit parameters:
                c      rs     
c               1.000 
rs             -0.999  1.000 
